0 verbose cli /Users/ahamid/.nvm/versions/node/v22.13.0/bin/node /Users/ahamid/.nvm/versions/node/v22.13.0/bin/npm
1 info using npm@10.9.2
2 info using node@v22.13.0
3 silly config load:file:/Users/ahamid/.nvm/versions/node/v22.13.0/lib/node_modules/npm/npmrc
4 silly config load:file:/Users/ahamid/Desktop/manager/packages/manager-tools/manager-forge-cli/templates/application/.npmrc
5 silly config load:file:/Users/ahamid/.npmrc
6 silly config load:file:/Users/ahamid/.nvm/versions/node/v22.13.0/etc/npmrc
7 verbose title npm view @ovh-ux/manager-config description dist-tags.latest homepage version time
8 verbose argv "view" "--json" "--" "@ovh-ux/manager-config" "description" "dist-tags.latest" "homepage" "version" "time"
9 verbose logfile logs-max:10 dir:/Users/ahamid/Desktop/manager/packages/manager-tools/manager-forge-cli/templates/application/.npm-cache/_logs/2025-12-15T14_40_18_514Z-
10 verbose logfile /Users/ahamid/Desktop/manager/packages/manager-tools/manager-forge-cli/templates/application/.npm-cache/_logs/2025-12-15T14_40_18_514Z-debug-0.log
11 silly logfile done cleaning log files
12 http fetch GET 200 https://registry.npmjs.org/npm 134ms
13 http fetch GET 200 https://registry.npmjs.org/@ovh-ux%2fmanager-config 1293ms (cache miss)
14 verbose cwd /Users/ahamid/Desktop/manager/packages/manager-tools/manager-forge-cli/templates/application
15 verbose os Darwin 24.5.0
16 verbose node v22.13.0
17 verbose npm  v10.9.2
18 notice
18 notice New major version of npm available! 10.9.2 -> 11.7.0
18 notice Changelog: https://github.com/npm/cli/releases/tag/v11.7.0
18 notice To update run: npm install -g npm@11.7.0
18 notice  { force: true, [Symbol(proc-log.meta)]: true }
19 verbose exit 0
20 info ok
